{
  "RSpec": {
    "coverage": {
      "/Users/kate/Ada/Ruby/intermediate_ruby/grocery-store/lib/order.rb": [
        null,
        null,
        null,
        null,
        1,
        null,
        1,
        null,
        1,
        null,
        1,
        null,
        null,
        null,
        1,
        1911,
        1911,
        null,
        null,
        1,
        7,
        7,
        12,
        null,
        7,
        7,
        null,
        null,
        1,
        6,
        5,
        5,
        null,
        1,
        null,
        null,
        null,
        1,
        3,
        2,
        2,
        null,
        1,
        null,
        null,
        null,
        null,
        null,
        null,
        null,
        1,
        1,
        null,
        1,
        100,
        100,
        null,
        100,
        275,
        275,
        null,
        null,
        100,
        null,
        null,
        1,
        null,
        null,
        1,
        6,
        303,
        5,
        null,
        null,
        null,
        1,
        null,
        null,
        null,
        null,
        null,
        null
      ],
      "/Users/kate/Ada/Ruby/intermediate_ruby/grocery-store/lib/online_order.rb": [
        1,
        1,
        null,
        1,
        1,
        null,
        1,
        1801,
        null,
        null,
        1801,
        1801,
        null,
        null,
        1,
        7,
        6,
        null,
        1,
        null,
        null,
        null,
        1,
        2,
        1,
        null,
        1,
        null,
        null,
        null,
        1,
        5,
        2,
        null,
        3,
        null,
        null,
        null,
        1,
        18,
        18,
        18,
        1800,
        1800,
        1800,
        4356,
        4356,
        null,
        1800,
        1800,
        1800,
        null,
        18,
        null,
        null,
        1,
        4,
        4,
        400,
        13,
        null,
        null,
        4,
        1,
        null,
        3,
        null,
        null,
        null,
        null,
        null
      ],
      "/Users/kate/Ada/Ruby/intermediate_ruby/grocery-store/lib/customer.rb": [
        null,
        1,
        1,
        null,
        1,
        null,
        1,
        667,
        667,
        667,
        null,
        null,
        1,
        19,
        19,
        665,
        665,
        null,
        19,
        null,
        null,
        1,
        1804,
        36576,
        1803,
        null,
        null,
        1,
        null,
        null,
        null,
        null
      ],
      "/Users/kate/Ada/Ruby/intermediate_ruby/grocery-store/specs/online_order_spec.rb": [
        1,
        1,
        1,
        1,
        null,
        null,
        null,
        null,
        null,
        null,
        null,
        null,
        1,
        1,
        null,
        null,
        1,
        1,
        13,
        null,
        1,
        null,
        1,
        null,
        null,
        null,
        1,
        null,
        null,
        1,
        1,
        null,
        null,
        1,
        1,
        null,
        null,
        1,
        1,
        1,
        null,
        null,
        null,
        1,
        1,
        null,
        1,
        1,
        null,
        null,
        1,
        1,
        1,
        null,
        null,
        null,
        1,
        1,
        1,
        1,
        null,
        null,
        1,
        2,
        null,
        null,
        null,
        1,
        1,
        null,
        1,
        1,
        2,
        null,
        1,
        2,
        null,
        1,
        2,
        null,
        null,
        1,
        1,
        1,
        null,
        1,
        1,
        null,
        null,
        null,
        1,
        null,
        1,
        null,
        1,
        null,
        null,
        null,
        null,
        null,
        null,
        null,
        null,
        null,
        1,
        null,
        1,
        null,
        1,
        100,
        100,
        null,
        null,
        null,
        null,
        null,
        null,
        1,
        null,
        1,
        1,
        1,
        1,
        null,
        null,
        null,
        1,
        null,
        1,
        null,
        1,
        1,
        1,
        null,
        2,
        null,
        1,
        3,
        3,
        null,
        null,
        null,
        null
      ],
      "/Users/kate/Ada/Ruby/intermediate_ruby/grocery-store/specs/order_spec.rb": [
        null,
        null,
        null,
        1,
        1,
        null,
        1,
        null,
        null,
        null,
        1,
        1,
        1,
        1,
        1,
        null,
        1,
        1,
        1,
        null,
        1,
        1,
        1,
        null,
        null,
        null,
        1,
        1,
        1,
        1,
        null,
        1,
        1,
        null,
        1,
        null,
        null,
        1,
        1,
        null,
        1,
        null,
        null,
        null,
        1,
        1,
        1,
        1,
        1,
        null,
        1,
        1,
        1,
        null,
        null,
        1,
        1,
        1,
        null,
        1,
        1,
        null,
        null,
        1,
        1,
        null,
        1,
        1,
        null,
        1,
        1,
        null,
        1,
        1,
        null,
        null,
        1,
        1,
        1,
        null,
        1,
        1,
        null,
        null,
        null,
        1,
        1,
        1,
        1,
        null,
        1,
        1,
        null,
        null,
        1,
        1,
        1,
        null,
        1,
        1,
        null,
        null,
        1,
        1,
        1,
        null,
        1,
        1,
        null,
        null,
        null,
        null,
        null,
        1,
        1,
        null,
        1,
        1,
        null,
        null,
        null,
        null,
        null,
        null,
        null,
        null,
        1,
        null,
        1,
        100,
        null,
        null,
        1,
        null,
        1,
        1,
        null,
        null,
        null,
        1,
        1,
        1,
        null,
        null,
        1,
        null,
        1,
        null,
        null,
        1,
        null,
        1,
        null,
        null,
        1,
        null,
        2,
        null,
        null,
        null
      ]
    },
    "timestamp": 1504110580
  }
}
